<?xml version="1.0" encoding="UTF-8"?>
<!-- Generated by org.testng.reporters.JUnitXMLReporter -->
<testsuite ignored="0" hostname="LAPTOP-63JO629S" failures="0" tests="5" name="Default test" time="0.05" errors="0" timestamp="2022-03-16T15:32:46 IST">
  <testcase classname="Academy.DemotestNG" name="test" time="0.004"/>
  <testcase classname="Academy.DemotestNG" name="test1" time="0.001"/>
  <testcase classname="Academy.DemotestNG" name="test2" time="0.001"/>
  <testcase classname="Academy.DemotestNG" name="test3" time="0.002"/>
  <testcase classname="Academy.DemotestNG" name="test4" time="0.002"/>
</testsuite> <!-- Default test -->
