<?xml version="1.0" encoding="UTF-8"?>
<!-- Generated by org.testng.reporters.JUnitXMLReporter -->
<testsuite ignored="0" hostname="LAPTOP-63JO629S" failures="0" tests="5" name="Testing the annotations" time="0.017" errors="0" timestamp="2022-03-16T15:13:27 IST">
  <testcase classname="Academy.DemotestNG" name="test" time="0.001"/>
  <testcase classname="Academy.DemotestNG" name="test1" time="0.001"/>
  <testcase classname="Academy.DemotestNG" name="test2" time="0.0"/>
  <testcase classname="Academy.DemotestNG" name="test3" time="0.001"/>
  <testcase classname="Academy.DemotestNG" name="test4" time="0.001"/>
</testsuite> <!-- Testing the annotations -->
