<?xml version="1.0" encoding="UTF-8"?>
<testng-results ignored="0" total="5" passed="5" failed="0" skipped="0">
  <reporter-output>
  </reporter-output>
  <suite started-at="2022-03-16T15:32:46 IST" name="Default suite" finished-at="2022-03-16T15:32:46 IST" duration-ms="50">
    <groups>
    </groups>
    <test started-at="2022-03-16T15:32:46 IST" name="Default test" finished-at="2022-03-16T15:32:46 IST" duration-ms="50">
      <class name="Academy.DemotestNG">
        <test-method is-config="true" signature="beforeSuite()[pri:0, instance:Academy.DemotestNG@6283d8b8]" started-at="2022-03-16T15:32:46 IST" name="beforeSuite" finished-at="2022-03-16T15:32:46 IST" duration-ms="6" status="PASS">
          <reporter-output>
          </reporter-output>
        </test-method> <!-- beforeSuite -->
        <test-method is-config="true" signature="beforeTest()[pri:0, instance:Academy.DemotestNG@6283d8b8]" started-at="2022-03-16T15:32:46 IST" name="beforeTest" finished-at="2022-03-16T15:32:46 IST" duration-ms="0" status="PASS">
          <reporter-output>
          </reporter-output>
        </test-method> <!-- beforeTest -->
        <test-method is-config="true" signature="beforeClass()[pri:0, instance:Academy.DemotestNG@6283d8b8]" started-at="2022-03-16T15:32:46 IST" name="beforeClass" finished-at="2022-03-16T15:32:46 IST" duration-ms="0" status="PASS">
          <reporter-output>
          </reporter-output>
        </test-method> <!-- beforeClass -->
        <test-method is-config="true" signature="beforeMethod()[pri:0, instance:Academy.DemotestNG@6283d8b8]" started-at="2022-03-16T15:32:46 IST" name="beforeMethod" finished-at="2022-03-16T15:32:46 IST" duration-ms="0" status="PASS">
          <reporter-output>
          </reporter-output>
        </test-method> <!-- beforeMethod -->
        <test-method signature="test()[pri:-1, instance:Academy.DemotestNG@6283d8b8]" started-at="2022-03-16T15:32:46 IST" name="test" finished-at="2022-03-16T15:32:46 IST" duration-ms="4" status="PASS">
          <reporter-output>
          </reporter-output>
        </test-method> <!-- test -->
        <test-method is-config="true" signature="aftermethod()[pri:0, instance:Academy.DemotestNG@6283d8b8]" started-at="2022-03-16T15:32:46 IST" name="aftermethod" finished-at="2022-03-16T15:32:46 IST" duration-ms="1" status="PASS">
          <reporter-output>
          </reporter-output>
        </test-method> <!-- aftermethod -->
        <test-method is-config="true" signature="beforeMethod()[pri:0, instance:Academy.DemotestNG@6283d8b8]" started-at="2022-03-16T15:32:46 IST" name="beforeMethod" finished-at="2022-03-16T15:32:46 IST" duration-ms="1" status="PASS">
          <reporter-output>
          </reporter-output>
        </test-method> <!-- beforeMethod -->
        <test-method signature="test1()[pri:0, instance:Academy.DemotestNG@6283d8b8]" started-at="2022-03-16T15:32:46 IST" name="test1" finished-at="2022-03-16T15:32:46 IST" duration-ms="1" status="PASS">
          <reporter-output>
          </reporter-output>
        </test-method> <!-- test1 -->
        <test-method is-config="true" signature="aftermethod()[pri:0, instance:Academy.DemotestNG@6283d8b8]" started-at="2022-03-16T15:32:46 IST" name="aftermethod" finished-at="2022-03-16T15:32:46 IST" duration-ms="0" status="PASS">
          <reporter-output>
          </reporter-output>
        </test-method> <!-- aftermethod -->
        <test-method is-config="true" signature="beforeMethod()[pri:0, instance:Academy.DemotestNG@6283d8b8]" started-at="2022-03-16T15:32:46 IST" name="beforeMethod" finished-at="2022-03-16T15:32:46 IST" duration-ms="0" status="PASS">
          <reporter-output>
          </reporter-output>
        </test-method> <!-- beforeMethod -->
        <test-method signature="test2()[pri:0, instance:Academy.DemotestNG@6283d8b8]" started-at="2022-03-16T15:32:46 IST" name="test2" finished-at="2022-03-16T15:32:46 IST" duration-ms="1" status="PASS">
          <reporter-output>
          </reporter-output>
        </test-method> <!-- test2 -->
        <test-method is-config="true" signature="aftermethod()[pri:0, instance:Academy.DemotestNG@6283d8b8]" started-at="2022-03-16T15:32:46 IST" name="aftermethod" finished-at="2022-03-16T15:32:46 IST" duration-ms="0" status="PASS">
          <reporter-output>
          </reporter-output>
        </test-method> <!-- aftermethod -->
        <test-method is-config="true" signature="beforeMethod()[pri:0, instance:Academy.DemotestNG@6283d8b8]" started-at="2022-03-16T15:32:46 IST" name="beforeMethod" finished-at="2022-03-16T15:32:46 IST" duration-ms="0" status="PASS">
          <reporter-output>
          </reporter-output>
        </test-method> <!-- beforeMethod -->
        <test-method signature="test3()[pri:0, instance:Academy.DemotestNG@6283d8b8]" started-at="2022-03-16T15:32:46 IST" name="test3" finished-at="2022-03-16T15:32:46 IST" duration-ms="2" status="PASS">
          <reporter-output>
          </reporter-output>
        </test-method> <!-- test3 -->
        <test-method is-config="true" signature="aftermethod()[pri:0, instance:Academy.DemotestNG@6283d8b8]" started-at="2022-03-16T15:32:46 IST" name="aftermethod" finished-at="2022-03-16T15:32:46 IST" duration-ms="0" status="PASS">
          <reporter-output>
          </reporter-output>
        </test-method> <!-- aftermethod -->
        <test-method is-config="true" signature="beforeMethod()[pri:0, instance:Academy.DemotestNG@6283d8b8]" started-at="2022-03-16T15:32:46 IST" name="beforeMethod" finished-at="2022-03-16T15:32:46 IST" duration-ms="0" status="PASS">
          <reporter-output>
          </reporter-output>
        </test-method> <!-- beforeMethod -->
        <test-method signature="test4()[pri:0, instance:Academy.DemotestNG@6283d8b8]" started-at="2022-03-16T15:32:46 IST" name="test4" finished-at="2022-03-16T15:32:46 IST" duration-ms="2" status="PASS">
          <reporter-output>
          </reporter-output>
        </test-method> <!-- test4 -->
        <test-method is-config="true" signature="aftermethod()[pri:0, instance:Academy.DemotestNG@6283d8b8]" started-at="2022-03-16T15:32:46 IST" name="aftermethod" finished-at="2022-03-16T15:32:46 IST" duration-ms="0" status="PASS">
          <reporter-output>
          </reporter-output>
        </test-method> <!-- aftermethod -->
        <test-method is-config="true" signature="afterClass()[pri:0, instance:Academy.DemotestNG@6283d8b8]" started-at="2022-03-16T15:32:46 IST" name="afterClass" finished-at="2022-03-16T15:32:46 IST" duration-ms="1" status="PASS">
          <reporter-output>
          </reporter-output>
        </test-method> <!-- afterClass -->
        <test-method is-config="true" signature="afterTest()[pri:0, instance:Academy.DemotestNG@6283d8b8]" started-at="2022-03-16T15:32:46 IST" name="afterTest" finished-at="2022-03-16T15:32:46 IST" duration-ms="0" status="PASS">
          <reporter-output>
          </reporter-output>
        </test-method> <!-- afterTest -->
        <test-method is-config="true" signature="afterSuite()[pri:0, instance:Academy.DemotestNG@6283d8b8]" started-at="2022-03-16T15:32:46 IST" name="afterSuite" finished-at="2022-03-16T15:32:46 IST" duration-ms="1" status="PASS">
          <reporter-output>
          </reporter-output>
        </test-method> <!-- afterSuite -->
      </class> <!-- Academy.DemotestNG -->
    </test> <!-- Default test -->
  </suite> <!-- Default suite -->
</testng-results>
